<?xml version="1.0" encoding="UTF-8"?>
<!-- Generated by org.testng.reporters.JUnitXMLReporter -->
<testsuite ignored="0" hostname="Rihyant" failures="3" tests="5" name="Test" time="12.892" errors="0" timestamp="2023-10-20T14:55:48 EDT">
  <testcase classname="com.inetBanking.testCases.TC_Login_DataDrivenTesting_002" name="logintest" time="3.055"/>
  <testcase classname="com.inetBanking.testCases.TC_Login_DataDrivenTesting_002" name="logintest" time="0.836">
    <failure type="java.lang.AssertionError" message="expected [true] but found [false]">
      <![CDATA[java.lang.AssertionError: expected [true] but found [false]
at com.inetBanking.testCases.TC_Login_DataDrivenTesting_002.logintest(TC_Login_DataDrivenTesting_002.java:72)
at java.base/java.util.ArrayList.forEach(ArrayList.java:1541)
... Removed 31 stack frames]]>
    </failure>
  </testcase> <!-- logintest -->
  <testcase classname="com.inetBanking.testCases.TC_Login_DataDrivenTesting_002" name="logintest" time="1.389">
    <failure type="java.lang.AssertionError" message="expected [true] but found [false]">
      <![CDATA[java.lang.AssertionError: expected [true] but found [false]
at com.inetBanking.testCases.TC_Login_DataDrivenTesting_002.logintest(TC_Login_DataDrivenTesting_002.java:72)
at java.base/java.util.ArrayList.forEach(ArrayList.java:1541)
... Removed 31 stack frames]]>
    </failure>
  </testcase> <!-- logintest -->
  <testcase classname="com.inetBanking.testCases.TC_Login_DataDrivenTesting_002" name="logintest" time="2.227"/>
  <testcase classname="com.inetBanking.testCases.TC_Login_DataDrivenTesting_002" name="logintest" time="1.049">
    <failure type="java.lang.AssertionError" message="expected [true] but found [false]">
      <![CDATA[java.lang.AssertionError: expected [true] but found [false]
at com.inetBanking.testCases.TC_Login_DataDrivenTesting_002.logintest(TC_Login_DataDrivenTesting_002.java:72)
at java.base/java.util.ArrayList.forEach(ArrayList.java:1541)
... Removed 31 stack frames]]>
    </failure>
  </testcase> <!-- logintest -->
</testsuite> <!-- Test -->
